C:\USERS\TOM\DOCUMENTS\GITHUB\OCULUS-ANE\OCULUS_SDK\OCULUSSDK\LIBOVR\OBJ\WIN32\RELEASE\OVR_ALG.OBJ
C:\USERS\TOM\DOCUMENTS\GITHUB\OCULUS-ANE\OCULUS_SDK\OCULUSSDK\LIBOVR\OBJ\WIN32\RELEASE\OVR_FILE.OBJ
C:\USERS\TOM\DOCUMENTS\GITHUB\OCULUS-ANE\OCULUS_SDK\OCULUSSDK\LIBOVR\OBJ\WIN32\RELEASE\OVR_LOG.OBJ
C:\USERS\TOM\DOCUMENTS\GITHUB\OCULUS-ANE\OCULUS_SDK\OCULUSSDK\LIBOVR\OBJ\WIN32\RELEASE\OVR_MATH.OBJ
C:\USERS\TOM\DOCUMENTS\GITHUB\OCULUS-ANE\OCULUS_SDK\OCULUSSDK\LIBOVR\OBJ\WIN32\RELEASE\OVR_STD.OBJ
C:\USERS\TOM\DOCUMENTS\GITHUB\OCULUS-ANE\OCULUS_SDK\OCULUSSDK\LIBOVR\OBJ\WIN32\RELEASE\OVR_STRING.OBJ
C:\USERS\TOM\DOCUMENTS\GITHUB\OCULUS-ANE\OCULUS_SDK\OCULUSSDK\LIBOVR\OBJ\WIN32\RELEASE\OVR_STRING_PATHUTIL.OBJ
C:\USERS\TOM\DOCUMENTS\GITHUB\OCULUS-ANE\OCULUS_SDK\OCULUSSDK\LIBOVR\OBJ\WIN32\RELEASE\OVR_SYSTEM.OBJ
C:\USERS\TOM\DOCUMENTS\GITHUB\OCULUS-ANE\OCULUS_SDK\OCULUSSDK\LIBOVR\OBJ\WIN32\RELEASE\OVR_TIMER.OBJ
C:\USERS\TOM\DOCUMENTS\GITHUB\OCULUS-ANE\OCULUS_SDK\OCULUSSDK\LIBOVR\OBJ\WIN32\RELEASE\OVR_DEVICEHANDLE.OBJ
C:\USERS\TOM\DOCUMENTS\GITHUB\OCULUS-ANE\OCULUS_SDK\OCULUSSDK\LIBOVR\OBJ\WIN32\RELEASE\OVR_LATENCYTESTIMPL.OBJ
C:\USERS\TOM\DOCUMENTS\GITHUB\OCULUS-ANE\OCULUS_SDK\OCULUSSDK\LIBOVR\OBJ\WIN32\RELEASE\OVR_SENSORIMPL.OBJ
C:\USERS\TOM\DOCUMENTS\GITHUB\OCULUS-ANE\OCULUS_SDK\OCULUSSDK\LIBOVR\OBJ\WIN32\RELEASE\OVR_WIN32_DEVICEMANAGER.OBJ
C:\USERS\TOM\DOCUMENTS\GITHUB\OCULUS-ANE\OCULUS_SDK\OCULUSSDK\LIBOVR\OBJ\WIN32\RELEASE\OVR_WIN32_HMDDEVICE.OBJ
C:\USERS\TOM\DOCUMENTS\GITHUB\OCULUS-ANE\OCULUS_SDK\OCULUSSDK\LIBOVR\OBJ\WIN32\RELEASE\OVR_WIN32_SENSORDEVICE.OBJ
C:\USERS\TOM\DOCUMENTS\GITHUB\OCULUS-ANE\OCULUS_SDK\OCULUSSDK\LIBOVR\OBJ\WIN32\RELEASE\UTIL_MAGCALIBRATION.OBJ
C:\USERS\TOM\DOCUMENTS\GITHUB\OCULUS-ANE\OCULUS_SDK\OCULUSSDK\LIBOVR\OBJ\WIN32\RELEASE\OVR_ALLOCATOR.OBJ
C:\USERS\TOM\DOCUMENTS\GITHUB\OCULUS-ANE\OCULUS_SDK\OCULUSSDK\LIBOVR\OBJ\WIN32\RELEASE\OVR_ATOMIC.OBJ
C:\USERS\TOM\DOCUMENTS\GITHUB\OCULUS-ANE\OCULUS_SDK\OCULUSSDK\LIBOVR\OBJ\WIN32\RELEASE\OVR_FILEFILE.OBJ
C:\USERS\TOM\DOCUMENTS\GITHUB\OCULUS-ANE\OCULUS_SDK\OCULUSSDK\LIBOVR\OBJ\WIN32\RELEASE\OVR_REFCOUNT.OBJ
C:\USERS\TOM\DOCUMENTS\GITHUB\OCULUS-ANE\OCULUS_SDK\OCULUSSDK\LIBOVR\OBJ\WIN32\RELEASE\OVR_STRING_FORMATUTIL.OBJ
C:\USERS\TOM\DOCUMENTS\GITHUB\OCULUS-ANE\OCULUS_SDK\OCULUSSDK\LIBOVR\OBJ\WIN32\RELEASE\OVR_SYSFILE.OBJ
C:\USERS\TOM\DOCUMENTS\GITHUB\OCULUS-ANE\OCULUS_SDK\OCULUSSDK\LIBOVR\OBJ\WIN32\RELEASE\OVR_THREADSWINAPI.OBJ
C:\USERS\TOM\DOCUMENTS\GITHUB\OCULUS-ANE\OCULUS_SDK\OCULUSSDK\LIBOVR\OBJ\WIN32\RELEASE\OVR_UTF8UTIL.OBJ
C:\USERS\TOM\DOCUMENTS\GITHUB\OCULUS-ANE\OCULUS_SDK\OCULUSSDK\LIBOVR\OBJ\WIN32\RELEASE\OVR_DEVICEIMPL.OBJ
C:\USERS\TOM\DOCUMENTS\GITHUB\OCULUS-ANE\OCULUS_SDK\OCULUSSDK\LIBOVR\OBJ\WIN32\RELEASE\OVR_SENSORFILTER.OBJ
C:\USERS\TOM\DOCUMENTS\GITHUB\OCULUS-ANE\OCULUS_SDK\OCULUSSDK\LIBOVR\OBJ\WIN32\RELEASE\OVR_SENSORFUSION.OBJ
C:\USERS\TOM\DOCUMENTS\GITHUB\OCULUS-ANE\OCULUS_SDK\OCULUSSDK\LIBOVR\OBJ\WIN32\RELEASE\OVR_THREADCOMMANDQUEUE.OBJ
C:\USERS\TOM\DOCUMENTS\GITHUB\OCULUS-ANE\OCULUS_SDK\OCULUSSDK\LIBOVR\OBJ\WIN32\RELEASE\OVR_WIN32_DEVICESTATUS.OBJ
C:\USERS\TOM\DOCUMENTS\GITHUB\OCULUS-ANE\OCULUS_SDK\OCULUSSDK\LIBOVR\OBJ\WIN32\RELEASE\OVR_WIN32_HIDDEVICE.OBJ
C:\USERS\TOM\DOCUMENTS\GITHUB\OCULUS-ANE\OCULUS_SDK\OCULUSSDK\LIBOVR\OBJ\WIN32\RELEASE\UTIL_LATENCYTEST.OBJ
C:\USERS\TOM\DOCUMENTS\GITHUB\OCULUS-ANE\OCULUS_SDK\OCULUSSDK\LIBOVR\OBJ\WIN32\RELEASE\UTIL_RENDER_STEREO.OBJ
C:\USERS\TOM\DOCUMENTS\GITHUB\OCULUS-ANE\OCULUS_SDK\OCULUSSDK\LIBOVR\LIB\WIN32\LIBOVR.LIB
C:\Users\Tom\Documents\GitHub\oculus-ane\oculus_sdk\OculusSDK\LibOVR\Obj\Win32\Release\OVR_Alg.obj
C:\Users\Tom\Documents\GitHub\oculus-ane\oculus_sdk\OculusSDK\LibOVR\Obj\Win32\Release\OVR_Allocator.obj
C:\Users\Tom\Documents\GitHub\oculus-ane\oculus_sdk\OculusSDK\LibOVR\Obj\Win32\Release\OVR_Atomic.obj
C:\Users\Tom\Documents\GitHub\oculus-ane\oculus_sdk\OculusSDK\LibOVR\Obj\Win32\Release\OVR_DeviceHandle.obj
C:\Users\Tom\Documents\GitHub\oculus-ane\oculus_sdk\OculusSDK\LibOVR\Obj\Win32\Release\OVR_DeviceImpl.obj
C:\Users\Tom\Documents\GitHub\oculus-ane\oculus_sdk\OculusSDK\LibOVR\Obj\Win32\Release\OVR_File.obj
C:\Users\Tom\Documents\GitHub\oculus-ane\oculus_sdk\OculusSDK\LibOVR\Obj\Win32\Release\OVR_FileFILE.obj
C:\Users\Tom\Documents\GitHub\oculus-ane\oculus_sdk\OculusSDK\LibOVR\Obj\Win32\Release\OVR_LatencyTestImpl.obj
C:\Users\Tom\Documents\GitHub\oculus-ane\oculus_sdk\OculusSDK\LibOVR\Obj\Win32\Release\OVR_Log.obj
C:\Users\Tom\Documents\GitHub\oculus-ane\oculus_sdk\OculusSDK\LibOVR\Obj\Win32\Release\OVR_Math.obj
C:\Users\Tom\Documents\GitHub\oculus-ane\oculus_sdk\OculusSDK\LibOVR\Obj\Win32\Release\OVR_RefCount.obj
C:\Users\Tom\Documents\GitHub\oculus-ane\oculus_sdk\OculusSDK\LibOVR\Obj\Win32\Release\OVR_SensorFilter.obj
C:\Users\Tom\Documents\GitHub\oculus-ane\oculus_sdk\OculusSDK\LibOVR\Obj\Win32\Release\OVR_SensorFusion.obj
C:\Users\Tom\Documents\GitHub\oculus-ane\oculus_sdk\OculusSDK\LibOVR\Obj\Win32\Release\OVR_SensorImpl.obj
C:\Users\Tom\Documents\GitHub\oculus-ane\oculus_sdk\OculusSDK\LibOVR\Obj\Win32\Release\OVR_Std.obj
C:\Users\Tom\Documents\GitHub\oculus-ane\oculus_sdk\OculusSDK\LibOVR\Obj\Win32\Release\OVR_String.obj
C:\Users\Tom\Documents\GitHub\oculus-ane\oculus_sdk\OculusSDK\LibOVR\Obj\Win32\Release\OVR_String_FormatUtil.obj
C:\Users\Tom\Documents\GitHub\oculus-ane\oculus_sdk\OculusSDK\LibOVR\Obj\Win32\Release\OVR_String_PathUtil.obj
C:\Users\Tom\Documents\GitHub\oculus-ane\oculus_sdk\OculusSDK\LibOVR\Obj\Win32\Release\OVR_SysFile.obj
C:\Users\Tom\Documents\GitHub\oculus-ane\oculus_sdk\OculusSDK\LibOVR\Obj\Win32\Release\OVR_System.obj
C:\Users\Tom\Documents\GitHub\oculus-ane\oculus_sdk\OculusSDK\LibOVR\Obj\Win32\Release\OVR_ThreadCommandQueue.obj
C:\Users\Tom\Documents\GitHub\oculus-ane\oculus_sdk\OculusSDK\LibOVR\Obj\Win32\Release\OVR_ThreadsWinAPI.obj
C:\Users\Tom\Documents\GitHub\oculus-ane\oculus_sdk\OculusSDK\LibOVR\Obj\Win32\Release\OVR_Timer.obj
C:\Users\Tom\Documents\GitHub\oculus-ane\oculus_sdk\OculusSDK\LibOVR\Obj\Win32\Release\OVR_UTF8Util.obj
C:\Users\Tom\Documents\GitHub\oculus-ane\oculus_sdk\OculusSDK\LibOVR\Obj\Win32\Release\OVR_Win32_DeviceManager.obj
C:\Users\Tom\Documents\GitHub\oculus-ane\oculus_sdk\OculusSDK\LibOVR\Obj\Win32\Release\OVR_Win32_DeviceStatus.obj
C:\Users\Tom\Documents\GitHub\oculus-ane\oculus_sdk\OculusSDK\LibOVR\Obj\Win32\Release\OVR_Win32_HIDDevice.obj
C:\Users\Tom\Documents\GitHub\oculus-ane\oculus_sdk\OculusSDK\LibOVR\Obj\Win32\Release\OVR_Win32_HMDDevice.obj
C:\Users\Tom\Documents\GitHub\oculus-ane\oculus_sdk\OculusSDK\LibOVR\Obj\Win32\Release\OVR_Win32_SensorDevice.obj
C:\Users\Tom\Documents\GitHub\oculus-ane\oculus_sdk\OculusSDK\LibOVR\Obj\Win32\Release\Util_LatencyTest.obj
C:\Users\Tom\Documents\GitHub\oculus-ane\oculus_sdk\OculusSDK\LibOVR\Obj\Win32\Release\Util_MagCalibration.obj
C:\Users\Tom\Documents\GitHub\oculus-ane\oculus_sdk\OculusSDK\LibOVR\Obj\Win32\Release\Util_Render_Stereo.obj
C:\Users\Tom\Documents\GitHub\oculus-ane\oculus_sdk\OculusSDK\LibOVR\Obj\Win32\Release\CL.3892.read.1.tlog
C:\Users\Tom\Documents\GitHub\oculus-ane\oculus_sdk\OculusSDK\LibOVR\Obj\Win32\Release\CL.3892.write.1.tlog
C:\Users\Tom\Documents\GitHub\oculus-ane\oculus_sdk\OculusSDK\LibOVR\Obj\Win32\Release\CL.4036.read.1.tlog
C:\Users\Tom\Documents\GitHub\oculus-ane\oculus_sdk\OculusSDK\LibOVR\Obj\Win32\Release\CL.4036.write.1.tlog
C:\Users\Tom\Documents\GitHub\oculus-ane\oculus_sdk\OculusSDK\LibOVR\Obj\Win32\Release\cl.command.1.tlog
C:\Users\Tom\Documents\GitHub\oculus-ane\oculus_sdk\OculusSDK\LibOVR\Obj\Win32\Release\CL.read.1.tlog
C:\Users\Tom\Documents\GitHub\oculus-ane\oculus_sdk\OculusSDK\LibOVR\Obj\Win32\Release\CL.write.1.tlog
C:\Users\Tom\Documents\GitHub\oculus-ane\oculus_sdk\OculusSDK\LibOVR\Obj\Win32\Release\Lib-link.read.1.tlog
C:\Users\Tom\Documents\GitHub\oculus-ane\oculus_sdk\OculusSDK\LibOVR\Obj\Win32\Release\Lib-link.write.1.tlog
C:\Users\Tom\Documents\GitHub\oculus-ane\oculus_sdk\OculusSDK\LibOVR\Obj\Win32\Release\lib.command.1.tlog
C:\Users\Tom\Documents\GitHub\oculus-ane\oculus_sdk\OculusSDK\LibOVR\Projects\Win32\../../Lib/Win32/libovr.lib
