Build started 8/06/2013 0:04:37.
     1>Project "C:\Users\Tom\Documents\GitHub\oculus-ane\oculus_sdk\OculusSDK\Samples\OculusWorldDemo\OculusWorldDemo_Msvc2010.vcxproj" on node 2 (Build target(s)).
     1>ClCompile:
         C:\Program Files (x86)\Microsoft Visual Studio 11.0\VC\bin\CL.exe /c /I../../LibOVR/Include /I../../3rdParty/TinyXml /I../../LibOVR/Src /I../../3rdParty/glext /I/Include /Z7 /nologo /W4 /WX- /MP /Od /Oy- /D OVR_BUILD_DEBUG /D WIN32 /D _DEBUG /D _WINDOWS /D _UNICODE /D UNICODE /Gm- /EHsc /RTC1 /MDd /GS /fp:precise /Zc:wchar_t /Zc:forScope /Fo"Debug\Obj\\" /Fd"Debug\Obj\vc110.pdb" /Gd /TP /analyze- /errorReport:prompt ..\CommonSrc\Platform\Platform.cpp ..\CommonSrc\Platform\Win32_Gamepad.cpp ..\CommonSrc\Platform\Win32_Platform.cpp ..\CommonSrc\Render\Render_LoadTextureDDS.cpp ..\CommonSrc\Render\Render_LoadTextureTGA.cpp ..\CommonSrc\Render\Render_Device.cpp ..\CommonSrc\Render\Render_D3D10_Device.cpp ..\CommonSrc\Render\Render_D3D11_Device.cpp ..\..\3rdParty\TinyXml\tinyxml2.cpp ..\CommonSrc\Render\Render_XmlSceneLoader.cpp OculusWorldDemo.cpp Player.cpp
         Platform.cpp
         Win32_Gamepad.cpp
         Win32_Platform.cpp
         Render_LoadTextureDDS.cpp
         Render_LoadTextureTGA.cpp
         Render_Device.cpp
         Render_D3D10_Device.cpp
         Render_D3D11_Device.cpp
         tinyxml2.cpp
         Render_XmlSceneLoader.cpp
         OculusWorldDemo.cpp
         Player.cpp
       ResourceCompile:
         C:\Program Files (x86)\Windows Kits\8.0\bin\x86\rc.exe /D _UNICODE /D UNICODE /l"0x0409" /nologo /fo"Debug\Obj\OculusWorldDemo.res" OculusWorldDemo.rc 
       Link:
         C:\Program Files (x86)\Microsoft Visual Studio 11.0\VC\bin\link.exe /ERRORREPORT:PROMPT /OUT:"C:\Users\Tom\Documents\GitHub\oculus-ane\oculus_sdk\OculusSDK\Samples\OculusWorldDemo\Debug\OculusWorldDemo.exe" /INCREMENTAL /NOLOGO /LIBPATH:../../LibOVR/Lib/Win32 /LIBPATH:/Lib/x86 libovrd.lib dxgi.lib d3d10.lib d3d11.lib d3dcompiler.lib opengl32.lib winmm.lib kernel32.lib user32.lib gdi32.lib winspool.lib comdlg32.lib advapi32.lib shell32.lib ole32.lib oleaut32.lib uuid.lib odbc32.lib odbccp32.lib kernel32.lib user32.lib gdi32.lib winspool.lib comdlg32.lib advapi32.lib shell32.lib ole32.lib oleaut32.lib uuid.lib odbc32.lib odbccp32.lib /MANIFEST /MANIFESTUAC:"level='asInvoker' uiAccess='false'" /manifest:embed /DEBUG /PDB:"C:\Users\Tom\Documents\GitHub\oculus-ane\oculus_sdk\OculusSDK\Samples\OculusWorldDemo\Debug\OculusWorldDemo.pdb" /SUBSYSTEM:WINDOWS /TLBID:1 /DYNAMICBASE /NXCOMPAT /IMPLIB:"C:\Users\Tom\Documents\GitHub\oculus-ane\oculus_sdk\OculusSDK\Samples\OculusWorldDemo\Debug\OculusWorldDemo.lib" /MACHINE:X86 Debug\Obj\OculusWorldDemo.res
         Debug\Obj\Platform.obj
         Debug\Obj\Win32_Gamepad.obj
         Debug\Obj\Win32_Platform.obj
         Debug\Obj\Render_LoadTextureDDS.obj
         Debug\Obj\Render_LoadTextureTGA.obj
         Debug\Obj\Render_Device.obj
         Debug\Obj\Render_D3D10_Device.obj
         Debug\Obj\Render_D3D11_Device.obj
         Debug\Obj\tinyxml2.obj
         Debug\Obj\Render_XmlSceneLoader.obj
         Debug\Obj\OculusWorldDemo.obj
         Debug\Obj\Player.obj
         OculusWorldDemo_Msvc2010.vcxproj -> C:\Users\Tom\Documents\GitHub\oculus-ane\oculus_sdk\OculusSDK\Samples\OculusWorldDemo\Debug\OculusWorldDemo.exe
     1>Done Building Project "C:\Users\Tom\Documents\GitHub\oculus-ane\oculus_sdk\OculusSDK\Samples\OculusWorldDemo\OculusWorldDemo_Msvc2010.vcxproj" (Build target(s)).

Build succeeded.

Time Elapsed 00:00:14.38
