C:\USERS\TOM\DOCUMENTS\GITHUB\OCULUS-ANE\WINDOWS\OCULUSANE\OCULUSANE\DEBUG\VC110.PDB
C:\USERS\TOM\DOCUMENTS\GITHUB\OCULUS-ANE\WINDOWS\OCULUSANE\OCULUSANE\DEBUG\OCULUSANE.OBJ
C:\USERS\TOM\DOCUMENTS\GITHUB\OCULUS-ANE\WINDOWS\OCULUSANE\DEBUG\OCULUSANE.ILK
C:\USERS\TOM\DOCUMENTS\GITHUB\OCULUS-ANE\WINDOWS\OCULUSANE\DEBUG\OCULUSANE.DLL
C:\USERS\TOM\DOCUMENTS\GITHUB\OCULUS-ANE\WINDOWS\OCULUSANE\DEBUG\OCULUSANE.PDB
C:\Users\Tom\Documents\GitHub\oculus-ane\windows\OculusANE\Debug\OculusANE.lib
C:\Users\Tom\Documents\GitHub\oculus-ane\windows\OculusANE\Debug\OculusANE.exp
C:\Users\Tom\Documents\GitHub\oculus-ane\windows\OculusANE\OculusANE\Debug\OculusANE.obj
C:\Users\Tom\Documents\GitHub\oculus-ane\windows\OculusANE\OculusANE\Debug\cl.command.1.tlog
C:\Users\Tom\Documents\GitHub\oculus-ane\windows\OculusANE\OculusANE\Debug\CL.read.1.tlog
C:\Users\Tom\Documents\GitHub\oculus-ane\windows\OculusANE\OculusANE\Debug\CL.write.1.tlog
C:\Users\Tom\Documents\GitHub\oculus-ane\windows\OculusANE\OculusANE\Debug\link-cvtres.read.1.tlog
C:\Users\Tom\Documents\GitHub\oculus-ane\windows\OculusANE\OculusANE\Debug\link-cvtres.write.1.tlog
C:\Users\Tom\Documents\GitHub\oculus-ane\windows\OculusANE\OculusANE\Debug\link-rc.read.1.tlog
C:\Users\Tom\Documents\GitHub\oculus-ane\windows\OculusANE\OculusANE\Debug\link-rc.write.1.tlog
C:\Users\Tom\Documents\GitHub\oculus-ane\windows\OculusANE\OculusANE\Debug\link.command.1.tlog
C:\Users\Tom\Documents\GitHub\oculus-ane\windows\OculusANE\OculusANE\Debug\link.read.1.tlog
C:\Users\Tom\Documents\GitHub\oculus-ane\windows\OculusANE\OculusANE\Debug\link.write.1.tlog
C:\Users\Tom\Documents\GitHub\oculus-ane\windows\OculusANE\OculusANE\Debug\OculusANE.write.1.tlog
C:\Users\Tom\Documents\GitHub\oculus-ane\windows\OculusANE\OculusANE\Debug\vc110.idb
C:\Users\Tom\Documents\GitHub\oculus-ane\windows\OculusANE\OculusANE\Debug\vc110.pdb
C:\Users\Tom\Documents\GitHub\oculus-ane\windows\OculusANE\Debug\OculusANE.pdb
C:\Users\Tom\Documents\GitHub\oculus-ane\windows\OculusANE\Debug\OculusANE.dll
C:\Users\Tom\Documents\GitHub\oculus-ane\windows\OculusANE\Debug\OculusANE.ilk
